TN:
SF:src/modules/comments/services/CreateCommentService.ts
FN:11,(anonymous_12)
FN:20,(anonymous_13)
FNF:2
FNH:2
FNDA:3,(anonymous_12)
FNDA:3,(anonymous_13)
DA:3,1
DA:4,1
DA:10,1
DA:13,3
DA:15,3
DA:17,3
DA:21,3
DA:23,3
DA:24,1
DA:27,2
DA:29,2
DA:30,1
DA:33,1
DA:39,1
DA:43,1
LF:15
LH:15
BRDA:23,0,0,1
BRDA:29,1,0,1
BRF:2
BRH:2
end_of_record
TN:
SF:src/modules/comments/services/DeleteCommentService.ts
FN:8,(anonymous_12)
FN:13,(anonymous_13)
FNF:2
FNH:0
FNDA:0,(anonymous_12)
FNDA:0,(anonymous_13)
DA:1,0
DA:2,0
DA:7,0
DA:10,0
DA:14,0
DA:16,0
DA:17,0
DA:20,0
DA:22,0
DA:26,0
LF:10
LH:0
BRDA:16,0,0,0
BRF:1
BRH:0
end_of_record
TN:
SF:src/modules/pius/services/CreatePiuService.ts
FN:11,(anonymous_12)
FN:19,(anonymous_13)
FNF:2
FNH:2
FNDA:5,(anonymous_12)
FNDA:3,(anonymous_13)
DA:1,2
DA:3,2
DA:10,2
DA:13,5
DA:16,5
DA:20,3
DA:22,3
DA:23,0
DA:26,3
DA:31,3
DA:35,2
LF:11
LH:10
BRDA:22,0,0,0
BRF:1
BRH:0
end_of_record
TN:
SF:src/modules/users/services/CreateUserService.ts
FN:11,(anonymous_12)
FN:18,(anonymous_13)
FNF:2
FNH:2
FNDA:7,(anonymous_12)
FNDA:6,(anonymous_13)
DA:1,3
DA:3,3
DA:10,3
DA:13,7
DA:15,7
DA:23,6
DA:25,6
DA:26,0
DA:29,6
DA:33,6
DA:34,0
DA:37,6
DA:39,6
DA:45,6
DA:49,3
LF:15
LH:13
BRDA:25,0,0,0
BRDA:33,1,0,0
BRF:2
BRH:0
end_of_record
TN:
SF:src/modules/users/services/FollowUserService.ts
FN:19,(anonymous_12)
FN:24,(anonymous_13)
FNF:2
FNH:2
FNDA:2,(anonymous_12)
FNDA:1,(anonymous_13)
DA:1,1
DA:3,1
DA:18,1
DA:21,2
DA:25,1
DA:27,1
DA:28,0
DA:31,1
DA:33,1
DA:34,0
DA:37,1
DA:42,1
DA:43,0
DA:46,0
DA:49,1
DA:53,1
DA:57,1
LF:17
LH:13
BRDA:27,0,0,0
BRDA:33,1,0,0
BRDA:42,2,0,0
BRF:3
BRH:0
end_of_record
TN:
SF:src/modules/users/services/GetUserFeedService.ts
FN:10,(anonymous_12)
FN:17,(anonymous_13)
FN:30,(anonymous_15)
FN:30,(anonymous_16)
FNF:4
FNH:4
FNDA:2,(anonymous_12)
FNDA:2,(anonymous_13)
FNDA:1,(anonymous_15)
FNDA:1,(anonymous_16)
DA:1,1
DA:3,1
DA:9,1
DA:12,2
DA:14,2
DA:18,2
DA:20,2
DA:21,1
DA:24,1
DA:28,1
DA:30,1
DA:31,1
DA:32,1
DA:35,1
DA:39,1
LF:15
LH:15
BRDA:20,0,0,1
BRF:1
BRH:1
end_of_record
TN:
SF:src/modules/users/services/GetUserProfileService.ts
FN:9,(anonymous_12)
FN:14,(anonymous_13)
FNF:2
FNH:2
FNDA:2,(anonymous_12)
FNDA:2,(anonymous_13)
DA:1,1
DA:3,1
DA:8,1
DA:11,2
DA:15,2
DA:17,2
DA:18,1
DA:21,1
DA:25,1
LF:9
LH:9
BRDA:17,0,0,1
BRF:1
BRH:1
end_of_record
