TN:
SF:test/modules/pius/services/CreatePiuService.ts
FN:8,(anonymous_8)
FN:13,(anonymous_9)
FNF:2
FNH:2
FNDA:13,(anonymous_8)
FNDA:7,(anonymous_9)
DA:1,5
DA:9,13
DA:10,13
DA:14,7
DA:16,7
DA:17,1
DA:20,6
DA:25,6
DA:29,5
LF:9
LH:9
BRDA:16,0,0,1
BRF:1
BRH:1
end_of_record
TN:
SF:test/modules/pius/services/DeletePiuService.ts
FN:6,(anonymous_8)
FN:8,(anonymous_9)
FNF:2
FNH:2
FNDA:2,(anonymous_8)
FNDA:2,(anonymous_9)
DA:1,1
DA:6,2
DA:9,2
DA:11,2
DA:12,1
DA:15,1
DA:17,1
DA:21,1
LF:8
LH:8
BRDA:11,0,0,1
BRF:1
BRH:1
end_of_record
TN:
SF:test/modules/pius/services/LikePiuService.ts
FN:12,(anonymous_8)
FN:17,(anonymous_9)
FNF:2
FNH:2
FNDA:7,(anonymous_8)
FNDA:4,(anonymous_9)
DA:1,2
DA:13,7
DA:14,7
DA:18,4
DA:19,4
DA:20,1
DA:23,3
DA:24,3
DA:25,1
DA:28,2
DA:30,2
DA:32,2
DA:36,2
LF:13
LH:13
BRDA:19,0,0,1
BRDA:24,1,0,1
BRF:2
BRH:2
end_of_record
TN:
SF:test/modules/pius/services/UnlikePiuService.ts
FN:12,(anonymous_8)
FN:17,(anonymous_9)
FN:28,(anonymous_11)
FNF:3
FNH:3
FNDA:4,(anonymous_8)
FNDA:4,(anonymous_9)
FNDA:1,(anonymous_11)
DA:1,1
DA:13,4
DA:14,4
DA:18,4
DA:19,4
DA:20,1
DA:23,3
DA:24,3
DA:25,1
DA:28,2
DA:30,2
DA:31,1
DA:34,1
DA:36,1
DA:38,1
DA:42,1
LF:16
LH:16
BRDA:19,0,0,1
BRDA:24,1,0,1
BRDA:30,2,0,1
BRF:3
BRH:3
end_of_record
TN:
SF:test/modules/users/services/CreateUserService.ts
FN:8,(anonymous_8)
FN:13,(anonymous_9)
FNF:2
FNH:2
FNDA:30,(anonymous_8)
FNDA:30,(anonymous_9)
DA:1,11
DA:9,30
DA:10,30
DA:18,30
DA:22,30
DA:23,1
DA:27,29
DA:29,29
DA:30,1
DA:33,28
DA:35,28
DA:41,28
DA:45,11
LF:13
LH:13
BRDA:22,0,0,1
BRDA:29,1,0,1
BRF:2
BRH:2
end_of_record
